<?xml version="1.0" encoding="UTF-8"?>
<testsuite xmlns:xsi="http://www.w3.org/2001/XMLSchema-instance" xsi:noNamespaceSchemaLocation="https://maven.apache.org/surefire/maven-surefire-plugin/xsd/surefire-test-report.xsd" version="3.0.2" name="com.umeshtest.mockmvc.MockMvcApplicationTests" time="0.902" tests="1" errors="0" skipped="0" failures="0">
  <properties>
[...]
</properties>
  <testcase name="contextLoads" classname="com.umeshtest.mockmvc.MockMvcApplicationTests" time="0.319">
    <system-out><![CDATA[10:44:03.833 [main] INFO org.springframework.test.context.support.AnnotationConfigContextLoaderUtils -- Could not detect default configuration classes for test class [com.umeshtest.mockmvc.MockMvcApplicationTests]: MockMvcApplicationTests does not declare any static, non-private, non-final, nested classes annotated with @Configuration.
10:44:03.869 [main] INFO org.springframework.boot.test.context.SpringBootTestContextBootstrapper -- Found @SpringBootConfiguration com.umeshtest.mockmvc.MockMvcApplication for test class com.umeshtest.mockmvc.MockMvcApplicationTests

  .   ____          _            __ _ _
 /\\ / ___'_ __ _ _(_)_ __  __ _ \ \ \ \
( ( )\___ | '_ | '_| | '_ \/ _` | \ \ \ \
 \\/  ___)| |_)| | | | | || (_| |  ) ) ) )
  '  |____| .__|_| |_|_| |_\__, | / / / /
 =========|_|==============|___/=/_/_/_/

 :: Spring Boot ::                (v3.4.2)

2025-02-18T10:44:03.998+05:30  INFO 32760 --- [MockMVC] [           main] c.u.mockmvc.MockMvcApplicationTests      : Starting MockMvcApplicationTests using Java 17.0.9 with PID 32760 (started by umeshvu in /Users/umeshvu/Documents/TOS/nonblockingspringmock)
2025-02-18T10:44:03.999+05:30  INFO 32760 --- [MockMVC] [           main] c.u.mockmvc.MockMvcApplicationTests      : No active profile set, falling back to 1 default profile: "default"
2025-02-18T10:44:04.360+05:30  INFO 32760 --- [MockMVC] [           main] c.u.mockmvc.MockMvcApplicationTests      : Started MockMvcApplicationTests in 0.449 seconds (process running for 0.773)
]]></system-out>
  </testcase>
</testsuite>